<?xml version="1.0" encoding="UTF-8"?>
<!-- Generated by org.testng.reporters.JUnitReportReporter -->
<testsuite skipped="0" hostname="CBT-LAB-023" name="com.kraftly.scripts.Demo" tests="1" failures="0" timestamp="20 Jun 2018 08:28:13 GMT" time="57.649" errors="0">
  <testcase name="test1" time="57.649" classname="com.kraftly.scripts.Demo"/>
</testsuite> <!-- com.kraftly.scripts.Demo -->
